c:\users\anovikov\source\repos\diplom\diplom\debug\diplom.pch
c:\users\anovikov\source\repos\diplom\diplom\debug\vc141.pdb
c:\users\anovikov\source\repos\diplom\diplom\debug\vc141.idb
c:\users\anovikov\source\repos\diplom\diplom\debug\stdafx.obj
c:\users\anovikov\source\repos\diplom\diplom\debug\amethod.obj
c:\users\anovikov\source\repos\diplom\diplom\debug\arrfunctions.obj
c:\users\anovikov\source\repos\diplom\diplom\debug\bb.obj
c:\users\anovikov\source\repos\diplom\diplom\debug\bbmarks.obj
c:\users\anovikov\source\repos\diplom\diplom\debug\bbreal.obj
c:\users\anovikov\source\repos\diplom\diplom\debug\diplom.obj
c:\users\anovikov\source\repos\diplom\diplom\debug\frontalg.obj
c:\users\anovikov\source\repos\diplom\diplom\debug\iofile.obj
c:\users\anovikov\source\repos\diplom\diplom\debug\jobs.obj
c:\users\anovikov\source\repos\diplom\diplom\debug\marks.obj
c:\users\anovikov\source\repos\diplom\diplom\debug\multisearch.obj
c:\users\anovikov\source\repos\diplom\diplom\debug\objectstack.obj
c:\users\anovikov\source\repos\diplom\diplom\debug\procs.obj
c:\users\anovikov\source\repos\diplom\diplom\debug\sortout.obj
c:\users\anovikov\source\repos\diplom\diplom\debug\stack.obj
c:\users\anovikov\source\repos\diplom\diplom\debug\task.obj
c:\users\anovikov\source\repos\diplom\diplom\debug\test.obj
c:\users\anovikov\source\repos\diplom\diplom\debug\tree.obj
c:\users\anovikov\source\repos\diplom\diplom\debug\unittests.obj
c:\users\anovikov\source\repos\diplom\debug\diplom.ilk
c:\users\anovikov\source\repos\diplom\debug\diplom.exe
c:\users\anovikov\source\repos\diplom\debug\diplom.pdb
c:\users\anovikov\source\repos\diplom\diplom\debug\diplom.tlog\cl.command.1.tlog
c:\users\anovikov\source\repos\diplom\diplom\debug\diplom.tlog\cl.read.1.tlog
c:\users\anovikov\source\repos\diplom\diplom\debug\diplom.tlog\cl.write.1.tlog
c:\users\anovikov\source\repos\diplom\diplom\debug\diplom.tlog\link.command.1.tlog
c:\users\anovikov\source\repos\diplom\diplom\debug\diplom.tlog\link.read.1.tlog
c:\users\anovikov\source\repos\diplom\diplom\debug\diplom.tlog\link.write.1.tlog
