C:\Program Files (x86)\Microsoft Visual Studio\2017\WDExpress\Common7\IDE\VC\VCTargets\Microsoft.CppBuild.targets(387,5): warning MSB8028: The intermediate directory (Debug\) contains files shared from another project (diplom.vcxproj).  This can lead to incorrect clean and rebuild behavior.
  stdafx.cpp
  vector.cpp
  UnitTests.cpp
  Tree.cpp
  help.cpp
  threadpool.cpp
c:\users\anovikov\documents\visual studio 2017\kursach\threadpool.cpp(119): warning C4018: '<': signed/unsigned mismatch
  test.cpp
c:\users\anovikov\documents\visual studio 2017\kursach\threadpool.cpp(119): warning C4018: '<': signed/unsigned mismatch
  multSch.cpp
c:\users\anovikov\documents\visual studio 2017\kursach\threadpool.cpp(119): warning C4018: '<': signed/unsigned mismatch
  IOFile.cpp
  Task.cpp
  StatMethod.cpp
  StatMarks.cpp
  Statistics.cpp
  SortOut.cpp
  Procs.cpp
  Stack.cpp
  Schedule.cpp
c:\users\anovikov\documents\visual studio 2017\kursach\threadpool.cpp(119): warning C4018: '<': signed/unsigned mismatch
  processor.cpp
  ObjectStack.cpp
  NextMT.cpp
  NextComp.cpp
  Generating Code...
  Compiling...
  MultiSearch.cpp
  MTBB.cpp
c:\users\anovikov\documents\visual studio 2017\kursach\threadpool.cpp(119): warning C4018: '<': signed/unsigned mismatch
  MinSimple.cpp
  MinMoz.cpp
  MozMarks.cpp
  MinMingozzi.cpp
  MaxSimple.cpp
  Marks.cpp
  MarkMethod.cpp
  MarkFactory.cpp
  Mark.cpp
  log.cpp
  Jobs.cpp
  IValue.cpp
  IProcs.cpp
  INextComp.cpp
  IMethod.cpp
  IFMod.cpp
  FrontAlg.cpp
  FirstValue.cpp
  Generating Code...
  Compiling...
  FastValue.cpp
  FastProcs.cpp
  FastMS.cpp
  ErrorMarks.cpp
  BBreal.cpp
  BBMarks.cpp
  BB.cpp
  ArrFunctions.cpp
  AProcs.cpp
  Ant.cpp
  AMethod.cpp
  Generating Code...
  kursach.vcxproj -> C:\Users\anovikov\Documents\Visual Studio 2017\kursach\Debug\multSch.exe
