c:\users\артём\documents\visual studio 2013\projects\kursach\kursach\debug\kursach.pch
c:\users\артём\documents\visual studio 2013\projects\kursach\kursach\debug\vc120.pdb
c:\users\артём\documents\visual studio 2013\projects\kursach\kursach\debug\vc120.idb
c:\users\артём\documents\visual studio 2013\projects\kursach\kursach\debug\stdafx.obj
c:\users\артём\documents\visual studio 2013\projects\kursach\kursach\debug\listoc.obj
c:\users\артём\documents\visual studio 2013\projects\kursach\kursach\debug\task.obj
c:\users\артём\documents\visual studio 2013\projects\kursach\kursach\debug\graph.obj
c:\users\артём\documents\visual studio 2013\projects\kursach\kursach\debug\iofiles.obj
c:\users\артём\documents\visual studio 2013\projects\kursach\kursach\debug\kursach.obj
c:\users\артём\documents\visual studio 2013\projects\kursach\kursach\debug\list.obj
c:\users\артём\documents\visual studio 2013\projects\kursach\kursach\debug\test.obj
c:\users\артём\documents\visual studio 2013\projects\kursach\kursach\debug\variant.obj
c:\users\артём\documents\visual studio 2013\projects\kursach\debug\kursach.ilk
c:\users\артём\documents\visual studio 2013\projects\kursach\debug\kursach.exe
c:\users\артём\documents\visual studio 2013\projects\kursach\debug\kursach.pdb
c:\users\артём\documents\visual studio 2013\projects\kursach\kursach\debug\kursach.tlog\cl.command.1.tlog
c:\users\артём\documents\visual studio 2013\projects\kursach\kursach\debug\kursach.tlog\cl.read.1.tlog
c:\users\артём\documents\visual studio 2013\projects\kursach\kursach\debug\kursach.tlog\cl.write.1.tlog
c:\users\артём\documents\visual studio 2013\projects\kursach\kursach\debug\kursach.tlog\link.command.1.tlog
c:\users\артём\documents\visual studio 2013\projects\kursach\kursach\debug\kursach.tlog\link.read.1.tlog
c:\users\артём\documents\visual studio 2013\projects\kursach\kursach\debug\kursach.tlog\link.write.1.tlog
