c:\users\артём\documents\visual studio 2013\projects\kursach\kursach\debug\multsch.pch
c:\users\артём\documents\visual studio 2013\projects\kursach\kursach\debug\vc120.pdb
c:\users\артём\documents\visual studio 2013\projects\kursach\kursach\debug\vc120.idb
c:\users\артём\documents\visual studio 2013\projects\kursach\kursach\debug\stdafx.obj
c:\users\артём\documents\visual studio 2013\projects\kursach\kursach\debug\minsimple.obj
c:\users\артём\documents\visual studio 2013\projects\kursach\kursach\debug\objectstack.obj
c:\users\артём\documents\visual studio 2013\projects\kursach\kursach\debug\stack.obj
c:\users\артём\documents\visual studio 2013\projects\kursach\kursach\debug\procs.obj
c:\users\артём\documents\visual studio 2013\projects\kursach\kursach\debug\statistics.obj
c:\users\артём\documents\visual studio 2013\projects\kursach\kursach\debug\statmarks.obj
c:\users\артём\documents\visual studio 2013\projects\kursach\kursach\debug\task.obj
c:\users\артём\documents\visual studio 2013\projects\kursach\kursach\debug\iofile.obj
c:\users\артём\documents\visual studio 2013\projects\kursach\kursach\debug\transport.obj
c:\users\артём\documents\visual studio 2013\projects\kursach\kursach\debug\tree.obj
c:\users\артём\documents\visual studio 2013\projects\kursach\kursach\debug\unittests.obj
c:\users\артём\documents\visual studio 2013\projects\kursach\kursach\debug\vector.obj
c:\users\артём\documents\visual studio 2013\projects\kursach\kursach\debug\arrfunctions.obj
c:\users\артём\documents\visual studio 2013\projects\kursach\kursach\debug\bbmarks.obj
c:\users\артём\documents\visual studio 2013\projects\kursach\kursach\debug\errormarks.obj
c:\users\артём\documents\visual studio 2013\projects\kursach\kursach\debug\imethod.obj
c:\users\артём\documents\visual studio 2013\projects\kursach\kursach\debug\jobs.obj
c:\users\артём\documents\visual studio 2013\projects\kursach\kursach\debug\log.obj
c:\users\артём\documents\visual studio 2013\projects\kursach\kursach\debug\mark.obj
c:\users\артём\documents\visual studio 2013\projects\kursach\kursach\debug\markfactory.obj
c:\users\артём\documents\visual studio 2013\projects\kursach\kursach\debug\marks.obj
c:\users\артём\documents\visual studio 2013\projects\kursach\kursach\debug\maxsimple.obj
c:\users\артём\documents\visual studio 2013\projects\kursach\kursach\debug\minmingozzi.obj
c:\users\артём\documents\visual studio 2013\projects\kursach\kursach\debug\mozmarks.obj
c:\users\артём\documents\visual studio 2013\projects\kursach\kursach\debug\minmoz.obj
c:\users\артём\documents\visual studio 2013\projects\kursach\kursach\debug\multsch.tlog\cl.command.1.tlog
c:\users\артём\documents\visual studio 2013\projects\kursach\kursach\debug\multsch.tlog\cl.read.1.tlog
c:\users\артём\documents\visual studio 2013\projects\kursach\kursach\debug\multsch.tlog\cl.write.1.tlog
